Start testing: Aug 11 00:29 +07
----------------------------------------------------------
1/1 Testing: AllTests
1/1 Test: AllTests
Command: "/home/dungtran/workspaces/Datastructures-and-Algorithms/build/tests/run_tests"
Directory: /home/dungtran/workspaces/Datastructures-and-Algorithms/build/tests
"AllTests" start time: Aug 11 00:29 +07
Output:
----------------------------------------------------------


     CUnit - A unit testing framework for C - Version 2.1-3
     http://cunit.sourceforge.net/


Suite: Array_Create
  Test: Array_Create_bad_malloc ...passed
Suite: Array_Destroy
  Test: Array_Destroy_null_parameter ...passed

Run Summary:    Type  Total    Ran Passed Failed Inactive
              suites      2      2    n/a      0        0
               tests      2      2      2      0        0
             asserts      3      3      3      0      n/a

Elapsed time =    0.000 seconds
<end of output>
Test time =   0.00 sec
----------------------------------------------------------
Test Passed.
"AllTests" end time: Aug 11 00:29 +07
"AllTests" time elapsed: 00:00:00
----------------------------------------------------------

End testing: Aug 11 00:29 +07
